<?xml version="1.0" encoding="UTF-8"?>
<testsuite xmlns:xsi="http://www.w3.org/2001/XMLSchema-instance" xsi:noNamespaceSchemaLocation="https://maven.apache.org/surefire/maven-surefire-plugin/xsd/surefire-test-report-3.0.xsd" version="3.0" name="GameTurnTest" time="0.102" tests="1" errors="0" skipped="0" failures="0">
  <properties>
[...]
</properties>
  <testcase name="testNextTurnCyclesThroughPlayers" classname="GameTurnTest" time="0.057">
    <system-out><![CDATA[The next player is: Player{userEmail='player4@example.com', cardOne='Captain', cardTwo='Contessa', coins=2, turn=true, turnNumber=2}
The next player is: Player{userEmail='player3@example.com', cardOne='Duke', cardTwo='Ambassador', coins=2, turn=true, turnNumber=3}
The next player is: Player{userEmail='player2@example.com', cardOne='Contessa', cardTwo='Ambassador', coins=2, turn=true, turnNumber=4}
The next player is: Player{userEmail='player1@example.com', cardOne='Assassin', cardTwo='Assassin', coins=2, turn=true, turnNumber=1}
]]></system-out>
  </testcase>
</testsuite>